{"timestamp":"2026-04-14T19:28:12.829Z","level":"INFO","environment":"development","source":"STARTUP","message":"Server initialization started","metadata":{"nodeEnv":"production","port":"5000","logsDir":"C:\\Users\\ragha\\OneDrive\\Desktop\\Taskmaster\\server\\logs"},"userId":null,"pid":6824}
{"timestamp":"2026-04-14T19:28:12.830Z","level":"INFO","environment":"development","source":"STARTUP","message":"Server configuration loaded","metadata":{"nodeEnv":"production","port":"5000","mongoUri":"***","corsOrigins":"https://tsccoreknot.com,https://taskmaster-sand.vercel.app,http://localhost:5173,http://localhost:5174","jwtSecret":"***","debugMode":false},"userId":null,"pid":6824}
{"timestamp":"2026-04-14T19:28:13.389Z","level":"ERROR","environment":"development","source":"STARTUP","message":"Server error","metadata":{"errorMessage":"listen EADDRINUSE: address already in use :::5000","errorStack":"Error: listen EADDRINUSE: address already in use :::5000\n    at Server.setupListenHandle [as _listen2] (node:net:1940:16)\n    at listenInCluster (node:net:1997:12)\n    at Server.listen (node:net:2102:7)\n    at Function.listen (C:\\Users\\ragha\\OneDrive\\Desktop\\Taskmaster\\server\\node_modules\\express\\lib\\application.js:635:24)\n    at startServer (file:///C:/Users/ragha/OneDrive/Desktop/Taskmaster/server/server.js:97:24)\n    at process.processTicksAndRejections (node:internal/process/task_queues:105:5)","errorCode":"EADDRINUSE"},"userId":null,"pid":6824}
{"timestamp":"2026-04-14T19:28:56.232Z","level":"INFO","environment":"development","source":"STARTUP","message":"Server initialization started","metadata":{"nodeEnv":"production","port":"5000","logsDir":"C:\\Users\\ragha\\OneDrive\\Desktop\\Taskmaster\\server\\logs"},"userId":null,"pid":33012}
{"timestamp":"2026-04-14T19:28:56.233Z","level":"INFO","environment":"development","source":"STARTUP","message":"Server configuration loaded","metadata":{"nodeEnv":"production","port":"5000","mongoUri":"***","corsOrigins":"https://tsccoreknot.com,https://taskmaster-sand.vercel.app,http://localhost:5173,http://localhost:5174","jwtSecret":"***","debugMode":false},"userId":null,"pid":33012}
{"timestamp":"2026-04-14T19:28:56.728Z","level":"INFO","environment":"development","source":"STARTUP","message":"Server started successfully","metadata":{"port":"5000","environment":"production","apiBase":"https://taskmaster-jfw0.onrender.com/api","corsOrigins":["https://tsccoreknot.com","https://taskmaster-sand.vercel.app","http://localhost:5173","http://localhost:5174"]},"userId":null,"pid":33012}
{"timestamp":"2026-04-14T19:29:08.756Z","level":"INFO","environment":"development","source":"STARTUP","message":"Server initialization started","metadata":{"nodeEnv":"production","port":"5000","logsDir":"C:\\Users\\ragha\\OneDrive\\Desktop\\Taskmaster\\server\\logs"},"userId":null,"pid":20932}
{"timestamp":"2026-04-14T19:29:08.757Z","level":"INFO","environment":"development","source":"STARTUP","message":"Server configuration loaded","metadata":{"nodeEnv":"production","port":"5000","mongoUri":"***","corsOrigins":"https://tsccoreknot.com,https://taskmaster-sand.vercel.app,http://localhost:5173,http://localhost:5174","jwtSecret":"***","debugMode":false},"userId":null,"pid":20932}
{"timestamp":"2026-04-14T19:29:09.310Z","level":"WARN","environment":"development","source":"STARTUP","message":"Port 5000 is already in use, trying alternate port","metadata":{"attemptedPort":"5000","error":"listen EADDRINUSE: address already in use :::5000"},"userId":null,"pid":20932}
{"timestamp":"2026-04-14T19:29:09.311Z","level":"INFO","environment":"development","source":"STARTUP","message":"Attempting to use port 5000","metadata":{"originalPort":"5000","newPort":5000},"userId":null,"pid":20932}
{"timestamp":"2026-04-14T19:29:09.312Z","level":"ERROR","environment":"development","source":"STARTUP","message":"Failed to start server on ports 5000 and 5000","metadata":{"errorMessage":"listen EADDRINUSE: address already in use :::5000","errorStack":"Error: listen EADDRINUSE: address already in use :::5000\n    at Server.setupListenHandle [as _listen2] (node:net:1940:16)\n    at listenInCluster (node:net:1997:12)\n    at Server.listen (node:net:2102:7)\n    at Function.listen (C:\\Users\\ragha\\OneDrive\\Desktop\\Taskmaster\\server\\node_modules\\express\\lib\\application.js:635:24)\n    at Server.<anonymous> (file:///C:/Users/ragha/OneDrive/Desktop/Taskmaster/server/server.js:135:33)\n    at Server.emit (node:events:519:28)\n    at emitErrorNT (node:net:1976:8)\n    at process.processTicksAndRejections (node:internal/process/task_queues:90:21)","errorCode":"EADDRINUSE"},"userId":null,"pid":20932}
{"timestamp":"2026-04-14T19:30:51.740Z","level":"INFO","environment":"development","source":"STARTUP","message":"Server initialization started","metadata":{"nodeEnv":"production","port":"5000","logsDir":"C:\\Users\\ragha\\OneDrive\\Desktop\\Taskmaster\\server\\logs"},"userId":null,"pid":33652}
{"timestamp":"2026-04-14T19:30:51.741Z","level":"INFO","environment":"development","source":"STARTUP","message":"Server configuration loaded","metadata":{"nodeEnv":"production","port":"5000","mongoUri":"***","corsOrigins":"https://tsccoreknot.com,https://taskmaster-sand.vercel.app,http://localhost:5173,http://localhost:5174","jwtSecret":"***","debugMode":false},"userId":null,"pid":33652}
{"timestamp":"2026-04-14T19:30:52.353Z","level":"INFO","environment":"development","source":"STARTUP","message":"Server started successfully","metadata":{"port":5000,"environment":"production","apiBase":"https://taskmaster-jfw0.onrender.com/api","corsOrigins":["https://tsccoreknot.com","https://taskmaster-sand.vercel.app","http://localhost:5173","http://localhost:5174"]},"userId":null,"pid":33652}
{"timestamp":"2026-04-14T19:31:03.638Z","level":"INFO","environment":"development","source":"STARTUP","message":"Server initialization started","metadata":{"nodeEnv":"production","port":"5000","logsDir":"C:\\Users\\ragha\\OneDrive\\Desktop\\Taskmaster\\server\\logs"},"userId":null,"pid":16524}
{"timestamp":"2026-04-14T19:31:03.639Z","level":"INFO","environment":"development","source":"STARTUP","message":"Server configuration loaded","metadata":{"nodeEnv":"production","port":"5000","mongoUri":"***","corsOrigins":"https://tsccoreknot.com,https://taskmaster-sand.vercel.app,http://localhost:5173,http://localhost:5174","jwtSecret":"***","debugMode":false},"userId":null,"pid":16524}
{"timestamp":"2026-04-14T19:31:04.128Z","level":"WARN","environment":"development","source":"STARTUP","message":"Port 5000 is already in use, trying port 5001","metadata":{"attemptedPort":5000,"alternatePort":5001,"error":"listen EADDRINUSE: address already in use :::5000"},"userId":null,"pid":16524}
{"timestamp":"2026-04-14T19:31:04.130Z","level":"INFO","environment":"development","source":"STARTUP","message":"Server started successfully","metadata":{"port":5001,"environment":"production","apiBase":"https://taskmaster-jfw0.onrender.com/api","corsOrigins":["https://tsccoreknot.com","https://taskmaster-sand.vercel.app","http://localhost:5173","http://localhost:5174"]},"userId":null,"pid":16524}
{"timestamp":"2026-04-14T19:31:49.346Z","level":"INFO","environment":"development","source":"STARTUP","message":"Server initialization started","metadata":{"nodeEnv":"production","port":"5000","logsDir":"C:\\Users\\ragha\\OneDrive\\Desktop\\Taskmaster\\server\\logs"},"userId":null,"pid":10324}
{"timestamp":"2026-04-14T19:31:49.347Z","level":"INFO","environment":"development","source":"STARTUP","message":"Server configuration loaded","metadata":{"nodeEnv":"production","port":"5000","mongoUri":"***","corsOrigins":"https://tsccoreknot.com,https://taskmaster-sand.vercel.app,http://localhost:5173,http://localhost:5174","jwtSecret":"***","debugMode":false},"userId":null,"pid":10324}
{"timestamp":"2026-04-14T19:31:49.898Z","level":"INFO","environment":"development","source":"STARTUP","message":"Server started successfully","metadata":{"port":5000,"environment":"production","apiBase":"https://taskmaster-jfw0.onrender.com/api","corsOrigins":["https://tsccoreknot.com","https://taskmaster-sand.vercel.app","http://localhost:5173","http://localhost:5174"]},"userId":null,"pid":10324}
{"timestamp":"2026-04-14T19:33:15.485Z","level":"info","message":"GET /","source":"http","metadata":{"method":"GET","path":"/","status":200},"userId":"69ca6676f21bf292ddcca1fd"}
{"timestamp":"2026-04-14T19:33:15.566Z","level":"info","message":"GET /","source":"http","metadata":{"method":"GET","path":"/","status":200},"userId":"69ca6676f21bf292ddcca1fd"}
{"timestamp":"2026-04-14T19:33:15.647Z","level":"info","message":"GET /","source":"http","metadata":{"method":"GET","path":"/","status":200},"userId":"69ca6676f21bf292ddcca1fd"}
{"timestamp":"2026-04-14T19:34:41.021Z","level":"info","message":"GET /team","source":"http","metadata":{"method":"GET","path":"/team","status":200},"userId":"69ca6676f21bf292ddcca1fd"}
{"timestamp":"2026-04-14T19:34:41.113Z","level":"info","message":"GET /team","source":"http","metadata":{"method":"GET","path":"/team","status":200},"userId":"69ca6676f21bf292ddcca1fd"}
{"timestamp":"2026-04-14T19:34:44.589Z","level":"info","message":"GET /","source":"http","metadata":{"method":"GET","path":"/","status":200},"userId":"69ca6676f21bf292ddcca1fd"}
{"timestamp":"2026-04-14T19:34:44.692Z","level":"info","message":"GET /","source":"http","metadata":{"method":"GET","path":"/","status":200},"userId":"69ca6676f21bf292ddcca1fd"}
{"timestamp":"2026-04-14T19:49:44.515Z","level":"INFO","environment":"development","source":"STARTUP","message":"Server initialization started","metadata":{"nodeEnv":"production","port":"5000","logsDir":"C:\\Users\\ragha\\OneDrive\\Desktop\\Taskmaster\\server\\logs"},"userId":null,"pid":36024}
{"timestamp":"2026-04-14T19:49:44.516Z","level":"INFO","environment":"development","source":"STARTUP","message":"Server configuration loaded","metadata":{"nodeEnv":"production","port":"5000","mongoUri":"***","corsOrigins":"https://tsccoreknot.com,https://taskmaster-sand.vercel.app,http://localhost:5173,http://localhost:5174","jwtSecret":"***","debugMode":false},"userId":null,"pid":36024}
{"timestamp":"2026-04-14T19:49:45.248Z","level":"WARN","environment":"development","source":"STARTUP","message":"Port 5000 is already in use, trying port 5001","metadata":{"attemptedPort":5000,"alternatePort":5001,"error":"listen EADDRINUSE: address already in use :::5000"},"userId":null,"pid":36024}
{"timestamp":"2026-04-14T19:49:45.250Z","level":"INFO","environment":"development","source":"STARTUP","message":"Server started successfully","metadata":{"port":5001,"environment":"production","apiBase":"https://taskmaster-jfw0.onrender.com/api","corsOrigins":["https://tsccoreknot.com","https://taskmaster-sand.vercel.app","http://localhost:5173","http://localhost:5174"]},"userId":null,"pid":36024}
{"timestamp":"2026-04-14T19:51:43.253Z","level":"error","message":"POST /login","source":"http","metadata":{"method":"POST","path":"/login","status":500},"userId":null}
{"timestamp":"2026-04-14T19:51:47.069Z","level":"error","message":"POST /login","source":"http","metadata":{"method":"POST","path":"/login","status":500},"userId":null}
{"timestamp":"2026-04-14T19:52:54.957Z","level":"INFO","environment":"development","source":"STARTUP","message":"Server initialization started","metadata":{"nodeEnv":"production","port":"5000","logsDir":"C:\\Users\\ragha\\OneDrive\\Desktop\\Taskmaster\\server\\logs"},"userId":null,"pid":33056}
{"timestamp":"2026-04-14T19:52:54.958Z","level":"INFO","environment":"development","source":"STARTUP","message":"Server configuration loaded","metadata":{"nodeEnv":"production","port":"5000","mongoUri":"***","corsOrigins":"https://tsccoreknot.com,https://taskmaster-sand.vercel.app,http://localhost:5173,http://localhost:5174","jwtSecret":"***","debugMode":false},"userId":null,"pid":33056}
{"timestamp":"2026-04-14T19:52:55.462Z","level":"INFO","environment":"development","source":"STARTUP","message":"Server started successfully","metadata":{"port":5000,"environment":"production","apiBase":"https://taskmaster-jfw0.onrender.com/api","corsOrigins":["https://tsccoreknot.com","https://taskmaster-sand.vercel.app","http://localhost:5173","http://localhost:5174"]},"userId":null,"pid":33056}
{"timestamp":"2026-04-14T19:53:12.573Z","level":"info","message":"POST /login","source":"http","metadata":{"method":"POST","path":"/login","status":200},"userId":null}
{"timestamp":"2026-04-14T19:53:12.769Z","level":"info","message":"GET /","source":"http","metadata":{"method":"GET","path":"/","status":200},"userId":"69ca6676f21bf292ddcca1fd"}
{"timestamp":"2026-04-14T19:53:12.930Z","level":"info","message":"GET /","source":"http","metadata":{"method":"GET","path":"/","status":200},"userId":"69ca6676f21bf292ddcca1fd"}
{"timestamp":"2026-04-14T19:53:17.391Z","level":"info","message":"GET /","source":"http","metadata":{"method":"GET","path":"/","status":200},"userId":"69ca6676f21bf292ddcca1fd"}
{"timestamp":"2026-04-14T19:53:17.552Z","level":"info","message":"GET /","source":"http","metadata":{"method":"GET","path":"/","status":200},"userId":"69ca6676f21bf292ddcca1fd"}
{"timestamp":"2026-04-14T19:57:48.896Z","level":"info","message":"GET /","source":"http","metadata":{"method":"GET","path":"/","status":200},"userId":"69ca6676f21bf292ddcca1fd"}
{"timestamp":"2026-04-14T19:57:49.047Z","level":"info","message":"GET /","source":"http","metadata":{"method":"GET","path":"/","status":200},"userId":"69ca6676f21bf292ddcca1fd"}
{"timestamp":"2026-04-14T19:57:49.201Z","level":"info","message":"GET /","source":"http","metadata":{"method":"GET","path":"/","status":200},"userId":"69ca6676f21bf292ddcca1fd"}
{"timestamp":"2026-04-14T19:58:31.450Z","level":"INFO","environment":"development","source":"PROJECT_CREATE","message":"Project created: Havells mYOUsic Indore","metadata":{"projectId":"69de9c677bd4de80d1b3977d","creator":"69ca6676f21bf292ddcca1fd"},"userId":null,"pid":33056}
{"timestamp":"2026-04-14T19:58:41.971Z","level":"WARN","environment":"development","source":"NOT_FOUND","message":"Route not found","metadata":{"path":"/api/users","method":"GET","requestId":"req_1776196721970_nakw0q4gq","ip":"::1"},"userId":null,"pid":33056}
{"timestamp":"2026-04-14T19:58:41.973Z","level":"WARN","environment":"development","source":"NOT_FOUND","message":"Route not found","metadata":{"path":"/api/users","method":"GET","requestId":"req_1776196721973_991r91yws","ip":"::1"},"userId":null,"pid":33056}
{"timestamp":"2026-04-14T19:58:57.585Z","level":"info","message":"GET /","source":"http","metadata":{"method":"GET","path":"/","status":200},"userId":"69ca6676f21bf292ddcca1fd"}
{"timestamp":"2026-04-14T19:58:57.746Z","level":"info","message":"GET /","source":"http","metadata":{"method":"GET","path":"/","status":200},"userId":"69ca6676f21bf292ddcca1fd"}
{"timestamp":"2026-04-14T20:10:38.510Z","level":"info","message":"GET /","source":"http","metadata":{"method":"GET","path":"/","status":200},"userId":"69ca6676f21bf292ddcca1fd"}
{"timestamp":"2026-04-14T20:10:38.706Z","level":"info","message":"GET /","source":"http","metadata":{"method":"GET","path":"/","status":200},"userId":"69ca6676f21bf292ddcca1fd"}
{"timestamp":"2026-04-14T20:10:38.864Z","level":"info","message":"GET /","source":"http","metadata":{"method":"GET","path":"/","status":200},"userId":"69ca6676f21bf292ddcca1fd"}
{"timestamp":"2026-04-14T20:11:22.891Z","level":"info","message":"GET /team","source":"http","metadata":{"method":"GET","path":"/team","status":200},"userId":"69ca6676f21bf292ddcca1fd"}
{"timestamp":"2026-04-14T20:11:23.011Z","level":"info","message":"GET /team","source":"http","metadata":{"method":"GET","path":"/team","status":200},"userId":"69ca6676f21bf292ddcca1fd"}
{"timestamp":"2026-04-14T20:11:35.325Z","level":"WARN","environment":"development","source":"NOT_FOUND","message":"Route not found","metadata":{"path":"/api/users","method":"GET","requestId":"req_1776197495325_p3lujdp8e","ip":"::1"},"userId":null,"pid":33056}
{"timestamp":"2026-04-14T20:11:35.327Z","level":"WARN","environment":"development","source":"NOT_FOUND","message":"Route not found","metadata":{"path":"/api/users","method":"GET","requestId":"req_1776197495327_fuy383624","ip":"::1"},"userId":null,"pid":33056}
{"timestamp":"2026-04-14T20:12:38.679Z","level":"INFO","environment":"development","source":"PROJECT_CREATE","message":"Project created: TSC Academy","metadata":{"projectId":"69de9fb67bd4de80d1b397cc","creator":"69ca6676f21bf292ddcca1fd"},"userId":null,"pid":33056}
{"timestamp":"2026-04-14T20:13:04.021Z","level":"INFO","environment":"development","source":"CLUSTER_CREATE","message":"Cluster created: Content Team","metadata":{"projectId":"69de9fb67bd4de80d1b397cc","clusterId":"69de9fcf7bd4de80d1b397d5"},"userId":null,"pid":33056}
{"timestamp":"2026-04-14T20:13:04.293Z","level":"INFO","environment":"development","source":"PROJECT_UPDATE","message":"Project updated: TSC Academy","metadata":{"projectId":"69de9fb67bd4de80d1b397cc","updatedBy":"69ca6676f21bf292ddcca1fd"},"userId":null,"pid":33056}
{"timestamp":"2026-04-14T20:18:02.245Z","level":"info","message":"GET /team","source":"http","metadata":{"method":"GET","path":"/team","status":200},"userId":"69ca6676f21bf292ddcca1fd"}
{"timestamp":"2026-04-14T20:18:02.471Z","level":"info","message":"GET /team","source":"http","metadata":{"method":"GET","path":"/team","status":200},"userId":"69ca6676f21bf292ddcca1fd"}
{"timestamp":"2026-04-14T20:18:04.863Z","level":"info","message":"GET /","source":"http","metadata":{"method":"GET","path":"/","status":200},"userId":"69ca6676f21bf292ddcca1fd"}
{"timestamp":"2026-04-14T20:18:05.055Z","level":"info","message":"GET /","source":"http","metadata":{"method":"GET","path":"/","status":200},"userId":"69ca6676f21bf292ddcca1fd"}
{"timestamp":"2026-04-14T20:18:41.473Z","level":"INFO","environment":"development","source":"PROJECT_MEMBER_ADD","message":"Member added to project: Harshika Kasliwal","metadata":{"projectId":"69de9fb67bd4de80d1b397cc","userId":"69ca676cba7811bea10a01fb"},"userId":null,"pid":33056}
{"timestamp":"2026-04-14T20:18:41.845Z","level":"INFO","environment":"development","source":"PROJECT_MEMBER_ADD","message":"Member added to project: Deepank Soni","metadata":{"projectId":"69de9fb67bd4de80d1b397cc","userId":"69cbd9d5c30aafe398e9efd0"},"userId":null,"pid":33056}
{"timestamp":"2026-04-14T20:18:42.349Z","level":"INFO","environment":"development","source":"PROJECT_UPDATE","message":"Project updated: TSC Academy","metadata":{"projectId":"69de9fb67bd4de80d1b397cc","updatedBy":"69ca6676f21bf292ddcca1fd"},"userId":null,"pid":33056}
{"timestamp":"2026-04-14T20:20:36.577Z","level":"info","message":"GET /team","source":"http","metadata":{"method":"GET","path":"/team","status":200},"userId":"69ca6676f21bf292ddcca1fd"}
{"timestamp":"2026-04-14T20:20:36.662Z","level":"info","message":"GET /team","source":"http","metadata":{"method":"GET","path":"/team","status":200},"userId":"69ca6676f21bf292ddcca1fd"}
{"timestamp":"2026-04-14T20:20:43.808Z","level":"info","message":"GET /","source":"http","metadata":{"method":"GET","path":"/","status":200},"userId":"69ca6676f21bf292ddcca1fd"}
{"timestamp":"2026-04-14T20:20:44.055Z","level":"info","message":"GET /","source":"http","metadata":{"method":"GET","path":"/","status":200},"userId":"69ca6676f21bf292ddcca1fd"}
{"timestamp":"2026-04-14T20:25:55.707Z","level":"info","message":"GET /","source":"http","metadata":{"method":"GET","path":"/","status":200},"userId":"69ca6676f21bf292ddcca1fd"}
{"timestamp":"2026-04-14T20:25:55.885Z","level":"info","message":"GET /","source":"http","metadata":{"method":"GET","path":"/","status":200},"userId":"69ca6676f21bf292ddcca1fd"}
{"timestamp":"2026-04-14T20:25:56.057Z","level":"info","message":"GET /","source":"http","metadata":{"method":"GET","path":"/","status":200},"userId":"69ca6676f21bf292ddcca1fd"}
{"timestamp":"2026-04-14T20:25:56.843Z","level":"info","message":"GET /team","source":"http","metadata":{"method":"GET","path":"/team","status":200},"userId":"69ca6676f21bf292ddcca1fd"}
{"timestamp":"2026-04-14T20:25:56.947Z","level":"info","message":"GET /team","source":"http","metadata":{"method":"GET","path":"/team","status":200},"userId":"69ca6676f21bf292ddcca1fd"}
{"timestamp":"2026-04-14T20:26:25.898Z","level":"info","message":"GET /","source":"http","metadata":{"method":"GET","path":"/","status":200},"userId":"69ca6676f21bf292ddcca1fd"}
{"timestamp":"2026-04-14T20:26:26.071Z","level":"info","message":"GET /","source":"http","metadata":{"method":"GET","path":"/","status":200},"userId":"69ca6676f21bf292ddcca1fd"}
{"timestamp":"2026-04-14T20:26:43.407Z","level":"error","message":"POST /","source":"http","metadata":{"method":"POST","path":"/","status":400},"userId":"69ca6676f21bf292ddcca1fd"}
{"timestamp":"2026-04-14T20:27:03.200Z","level":"INFO","environment":"development","source":"PROJECT_MEMBER_ADD","message":"Member added to project: Harshika Kasliwal","metadata":{"projectId":"69de9c677bd4de80d1b3977d","userId":"69ca676cba7811bea10a01fb"},"userId":null,"pid":33056}
{"timestamp":"2026-04-14T20:27:03.571Z","level":"INFO","environment":"development","source":"PROJECT_MEMBER_ADD","message":"Member added to project: Deepank Soni","metadata":{"projectId":"69de9c677bd4de80d1b3977d","userId":"69cbd9d5c30aafe398e9efd0"},"userId":null,"pid":33056}
{"timestamp":"2026-04-14T20:27:04.123Z","level":"INFO","environment":"development","source":"PROJECT_UPDATE","message":"Project updated: Havells mYOUsic Indore","metadata":{"projectId":"69de9c677bd4de80d1b3977d","updatedBy":"69ca6676f21bf292ddcca1fd"},"userId":null,"pid":33056}
{"timestamp":"2026-04-14T20:27:20.354Z","level":"WARN","environment":"development","source":"NOT_FOUND","message":"Route not found","metadata":{"path":"/api/projects/69de9c677bd4de80d1b3977d/members/69cbd9d5c30aafe398e9efd0","method":"PUT","requestId":"req_1776198440354_z0nyif79z","ip":"::1"},"userId":null,"pid":33056}
{"timestamp":"2026-04-14T20:29:49.988Z","level":"INFO","environment":"development","source":"STARTUP","message":"Server initialization started","metadata":{"nodeEnv":"production","port":"5000","logsDir":"C:\\Users\\ragha\\OneDrive\\Desktop\\Taskmaster\\server\\logs"},"userId":null,"pid":32968}
{"timestamp":"2026-04-14T20:29:49.990Z","level":"INFO","environment":"development","source":"STARTUP","message":"Server configuration loaded","metadata":{"nodeEnv":"production","port":"5000","mongoUri":"***","corsOrigins":"https://tsccoreknot.com,https://taskmaster-sand.vercel.app,http://localhost:5173,http://localhost:5174","jwtSecret":"***","debugMode":false},"userId":null,"pid":32968}
{"timestamp":"2026-04-14T20:29:50.574Z","level":"INFO","environment":"development","source":"STARTUP","message":"Server started successfully","metadata":{"port":5000,"environment":"production","apiBase":"https://taskmaster-jfw0.onrender.com/api","corsOrigins":["https://tsccoreknot.com","https://taskmaster-sand.vercel.app","http://localhost:5173","http://localhost:5174"]},"userId":null,"pid":32968}
{"timestamp":"2026-04-14T20:33:35.998Z","level":"INFO","environment":"development","source":"STARTUP","message":"Server initialization started","metadata":{"nodeEnv":"production","port":"5000","logsDir":"C:\\Users\\ragha\\OneDrive\\Desktop\\Taskmaster\\server\\logs"},"userId":null,"pid":34868}
{"timestamp":"2026-04-14T20:33:35.999Z","level":"INFO","environment":"development","source":"STARTUP","message":"Server configuration loaded","metadata":{"nodeEnv":"production","port":"5000","mongoUri":"***","corsOrigins":"https://tsccoreknot.com,https://taskmaster-sand.vercel.app,http://localhost:5173,http://localhost:5174","jwtSecret":"***","debugMode":false},"userId":null,"pid":34868}
{"timestamp":"2026-04-14T20:33:36.522Z","level":"WARN","environment":"development","source":"STARTUP","message":"Port 5000 is already in use, trying port 5001","metadata":{"attemptedPort":5000,"alternatePort":5001,"error":"listen EADDRINUSE: address already in use :::5000"},"userId":null,"pid":34868}
{"timestamp":"2026-04-14T20:33:36.524Z","level":"INFO","environment":"development","source":"STARTUP","message":"Server started successfully","metadata":{"port":5001,"environment":"production","apiBase":"https://taskmaster-jfw0.onrender.com/api","corsOrigins":["https://tsccoreknot.com","https://taskmaster-sand.vercel.app","http://localhost:5173","http://localhost:5174"]},"userId":null,"pid":34868}
{"timestamp":"2026-04-14T20:37:38.501Z","level":"INFO","environment":"development","source":"STARTUP","message":"Server initialization started","metadata":{"nodeEnv":"production","port":"5000","logsDir":"C:\\Users\\ragha\\OneDrive\\Desktop\\Taskmaster\\server\\logs"},"userId":null,"pid":37180}
{"timestamp":"2026-04-14T20:37:38.503Z","level":"INFO","environment":"development","source":"STARTUP","message":"Server configuration loaded","metadata":{"nodeEnv":"production","port":"5000","mongoUri":"***","corsOrigins":"https://tsccoreknot.com,https://taskmaster-sand.vercel.app,http://localhost:5173,http://localhost:5174","jwtSecret":"***","debugMode":false},"userId":null,"pid":37180}
{"timestamp":"2026-04-14T20:37:39.044Z","level":"WARN","environment":"development","source":"STARTUP","message":"Port 5000 is already in use, trying port 5001","metadata":{"attemptedPort":5000,"alternatePort":5001,"error":"listen EADDRINUSE: address already in use :::5000"},"userId":null,"pid":37180}
{"timestamp":"2026-04-14T20:37:39.047Z","level":"INFO","environment":"development","source":"STARTUP","message":"Server started successfully","metadata":{"port":5001,"environment":"production","apiBase":"https://taskmaster-jfw0.onrender.com/api","corsOrigins":["https://tsccoreknot.com","https://taskmaster-sand.vercel.app","http://localhost:5173","http://localhost:5174"]},"userId":null,"pid":37180}
{"timestamp":"2026-04-14T20:46:01.893Z","level":"info","message":"GET /","source":"http","metadata":{"method":"GET","path":"/","status":200},"userId":"69ca6676f21bf292ddcca1fd"}
{"timestamp":"2026-04-14T20:46:02.017Z","level":"info","message":"GET /","source":"http","metadata":{"method":"GET","path":"/","status":200},"userId":"69ca6676f21bf292ddcca1fd"}
{"timestamp":"2026-04-14T20:46:02.145Z","level":"info","message":"GET /","source":"http","metadata":{"method":"GET","path":"/","status":200},"userId":"69ca6676f21bf292ddcca1fd"}
{"timestamp":"2026-04-14T20:46:18.039Z","level":"info","message":"GET /team","source":"http","metadata":{"method":"GET","path":"/team","status":200},"userId":"69ca6676f21bf292ddcca1fd"}
{"timestamp":"2026-04-14T20:46:18.131Z","level":"info","message":"GET /team","source":"http","metadata":{"method":"GET","path":"/team","status":200},"userId":"69ca6676f21bf292ddcca1fd"}
{"timestamp":"2026-04-14T20:46:19.567Z","level":"info","message":"GET /","source":"http","metadata":{"method":"GET","path":"/","status":200},"userId":"69ca6676f21bf292ddcca1fd"}
{"timestamp":"2026-04-14T20:46:19.710Z","level":"info","message":"GET /","source":"http","metadata":{"method":"GET","path":"/","status":200},"userId":"69ca6676f21bf292ddcca1fd"}
{"timestamp":"2026-04-14T20:46:29.141Z","level":"info","message":"GET /team","source":"http","metadata":{"method":"GET","path":"/team","status":200},"userId":"69ca6676f21bf292ddcca1fd"}
{"timestamp":"2026-04-14T20:46:29.236Z","level":"info","message":"GET /team","source":"http","metadata":{"method":"GET","path":"/team","status":200},"userId":"69ca6676f21bf292ddcca1fd"}
{"timestamp":"2026-04-14T20:46:37.060Z","level":"info","message":"GET /","source":"http","metadata":{"method":"GET","path":"/","status":200},"userId":"69ca6676f21bf292ddcca1fd"}
{"timestamp":"2026-04-14T20:46:37.264Z","level":"info","message":"GET /","source":"http","metadata":{"method":"GET","path":"/","status":200},"userId":"69ca6676f21bf292ddcca1fd"}
